This is LuaTeX, Version 1.10.0 (TeX Live 2019/Debian)  (format=lualatex 2020.12.9)  5 MAR 2021 11:15
 restricted system commands enabled.
**document.tex
(./document.tex
LaTeX2e <2020-02-02> patch level 2
[\directlua]:1: module 'luaotfload-main' not found:
	no field package.preload['luaotfload-main']
	[kpse lua searcher] file not found: 'luaotfload-main'
	[kpse C searcher] file not found: 'luaotfload-main'
Error in luaotfload: reverting to OT1 L3 programming layer <2020-02-14>
(/usr/share/texlive/texmf-dist/tex/latex/base/article.cls
Document Class: article 2019/12/20 v1.4l Standard LaTeX document class
(/usr/share/texlive/texmf-dist/tex/latex/base/size10.clo
File: size10.clo 2019/12/20 v1.4l Standard LaTeX file (size option)
LaTeX Font Info:    Trying to load font information for OT1+lmr on input line 54
.

(/usr/share/texmf/tex/latex/lm/ot1lmr.fd
File: ot1lmr.fd 2009/10/30 v1.6 Font defs for Latin Modern
))
\c@part=\count163
\c@section=\count164
\c@subsection=\count165
\c@subsubsection=\count166
\c@paragraph=\count167
\c@subparagraph=\count168
\c@figure=\count169
\c@table=\count170
\abovecaptionskip=\skip47
\belowcaptionskip=\skip48
\bibindent=\dimen134
)
(/usr/share/texlive/texmf-dist/tex/latex/base/inputenc.sty
Package: inputenc 2018/08/11 v1.3c Input encoding file
\inpenc@prehook=\toks14
\inpenc@posthook=\toks15


Package inputenc Warning: inputenc package ignored with utf8 based engines.

) (/usr/share/texlive/texmf-dist/tex/latex/base/fontenc.sty
Package: fontenc 2020/02/11 v2.0o Standard LaTeX package
LaTeX Font Info:    Trying to load font information for T1+lmr on input line 112
.

(/usr/share/texmf/tex/latex/lm/t1lmr.fd
File: t1lmr.fd 2009/10/30 v1.6 Font defs for Latin Modern
))
(/usr/share/texlive/texmf-dist/tex/generic/babel/babel.sty
Package: babel 2020/02/14 3.40 The Babel package

(/usr/share/texlive/texmf-dist/tex/generic/babel/switch.def
File: switch.def 2020/02/14 3.40 Babel switching mechanism
)
(/usr/share/texlive/texmf-dist/tex/generic/babel/luababel.def
\bbl@readstream=\read2
\l@dumylang=\language2
Package babel Info: Non-standard hyphenation setup on input line 117.
\l@nohyphenation=\language3
\l@portuguese=\language4
)
(/usr/share/texlive/texmf-dist/tex/generic/babel-portuges/portuges.ldf
Language: portuges 2008/03/18 v1.2q Portuguese support from the babel system

(/usr/share/texlive/texmf-dist/tex/generic/babel/babel.def
File: babel.def 2020/02/14 3.40 Babel common definitions
\babel@savecnt=\count171
\U@D=\dimen135

(/usr/share/texlive/texmf-dist/tex/generic/babel/luababel.def
\bbl@attr@locale=\attribute2
))
Package babel Info: \l@brazil = using hyphenrules for portuguese
(babel)             (\language4) on input line 113.
Package babel Info: Making " an active character on input line 145.

(/usr/share/texlive/texmf-dist/tex/generic/hyph-utf8/loadhyph/loadhyph-pt.tex
UTF-8 Portuguese hyphenation patterns
(/usr/share/texlive/texmf-dist/tex/generic/hyph-utf8/patterns/tex/hyph-pt.tex)))
) (/usr/share/texlive/texmf-dist/tex/latex/psnfss/times.sty
Package: times 2005/04/12 PSNFSS-v9.2a (SPQR) 
)
(/usr/share/texlive/texmf-dist/tex/latex/amsmath/amsmath.sty
Package: amsmath 2020/01/20 v2.17e AMS math features
\@mathmargin=\skip49

For additional information on amsmath, use the `?' option.
(/usr/share/texlive/texmf-dist/tex/latex/amsmath/amstext.sty
Package: amstext 2000/06/29 v2.01 AMS text

(/usr/share/texlive/texmf-dist/tex/latex/amsmath/amsgen.sty
File: amsgen.sty 1999/11/30 v2.0 generic functions
\@emptytoks=\toks16
\ex@=\dimen136
))
(/usr/share/texlive/texmf-dist/tex/latex/amsmath/amsbsy.sty
Package: amsbsy 1999/11/29 v1.2d Bold Symbols
\pmbraise@=\dimen137
)
(/usr/share/texlive/texmf-dist/tex/latex/amsmath/amsopn.sty
Package: amsopn 2016/03/08 v2.02 operator names
)
\inf@bad=\count172
LaTeX Info: Redefining \frac on input line 227.
\uproot@=\count173
\leftroot@=\count174
LaTeX Info: Redefining \overline on input line 389.
\classnum@=\count175
\DOTSCASE@=\count176
LaTeX Info: Redefining \ldots on input line 486.
LaTeX Info: Redefining \dots on input line 489.
LaTeX Info: Redefining \cdots on input line 610.
\Mathstrutbox@=\box45
\strutbox@=\box46
\big@size=\dimen138
LaTeX Font Info:    Redeclaring font encoding OML on input line 733.
LaTeX Font Info:    Redeclaring font encoding OMS on input line 734.
\macc@depth=\count177
\c@MaxMatrixCols=\count178
\dotsspace@=\muskip16
\c@parentequation=\count179
\dspbrk@lvl=\count180
\tag@help=\toks17
\row@=\count181
\column@=\count182
\maxfields@=\count183
\andhelp@=\toks18
\eqnshift@=\dimen139
\alignsep@=\dimen140
\tagshift@=\dimen141
\tagwidth@=\dimen142
\totwidth@=\dimen143
\lineht@=\dimen144
\@envbody=\toks19
\multlinegap=\skip50
\multlinetaggap=\skip51
\mathdisplay@stack=\toks20
LaTeX Info: Redefining \[ on input line 2859.
LaTeX Info: Redefining \] on input line 2860.
)
(/usr/share/texlive/texmf-dist/tex/latex/amsfonts/amsfonts.sty
Package: amsfonts 2013/01/14 v3.01 Basic AMSFonts support
\symAMSa=\mathgroup4
\symAMSb=\mathgroup5
LaTeX Font Info:    Redeclaring math symbol \hbar on input line 98.
LaTeX Font Info:    Overwriting math alphabet `\mathfrak' in version `bold'
(Font)                  U/euf/m/n --> U/euf/b/n on input line 106.
)
(/usr/share/texlive/texmf-dist/tex/latex/amsfonts/amssymb.sty
Package: amssymb 2013/01/14 v3.01 AMS font symbols
)
(/usr/share/texlive/texmf-dist/tex/latex/graphics/graphicx.sty
Package: graphicx 2019/11/30 v1.2a Enhanced LaTeX Graphics (DPC,SPQR)

(/usr/share/texlive/texmf-dist/tex/latex/graphics/keyval.sty
Package: keyval 2014/10/28 v1.15 key=value parser (DPC)
\KV@toks@=\toks21
)
(/usr/share/texlive/texmf-dist/tex/latex/graphics/graphics.sty
Package: graphics 2019/11/30 v1.4a Standard LaTeX Graphics (DPC,SPQR)

(/usr/share/texlive/texmf-dist/tex/latex/graphics/trig.sty
Package: trig 2016/01/03 v1.10 sin cos tan (DPC)
)
(/usr/share/texlive/texmf-dist/tex/latex/graphics-cfg/graphics.cfg
File: graphics.cfg 2016/06/04 v1.11 sample graphics configuration
)
Package graphics Info: Driver file: luatex.def on input line 105.

(/usr/share/texlive/texmf-dist/tex/latex/graphics-def/luatex.def
File: luatex.def 2018/01/08 v1.0l Graphics/color driver for luatex
))
\Gin@req@height=\dimen145
\Gin@req@width=\dimen146
)
(/usr/share/texlive/texmf-dist/tex/latex/tools/indentfirst.sty
Package: indentfirst 1995/11/23 v1.03 Indent first paragraph (DPC)
)
(/usr/share/texlive/texmf-dist/tex/latex/subfiles/subfiles.sty
Package: subfiles 2020/02/14 v1.6 Multi-file projects (package)

(/usr/share/texlive/texmf-dist/tex/latex/import/import.sty
Package: import 2009/03/23  v 5.1
))
(/usr/share/texlive/texmf-dist/tex/latex/setspace/setspace.sty
Package: setspace 2011/12/19 v6.7a set line spacing
)
(/usr/share/texlive/texmf-dist/tex/latex/geometry/geometry.sty
Package: geometry 2020/01/02 v5.9 Page Geometry

(/usr/share/texlive/texmf-dist/tex/generic/iftex/ifvtex.sty
Package: ifvtex 2019/10/25 v1.7 ifvtex legacy package. Use iftex instead.

(/usr/share/texlive/texmf-dist/tex/generic/iftex/iftex.sty
Package: iftex 2019/11/07 v1.0c TeX engine tests
))
\Gm@cnth=\count184
\Gm@cntv=\count185
\c@Gm@tempcnt=\count186
\Gm@bindingoffset=\dimen147
\Gm@wd@mp=\dimen148
\Gm@odd@mp=\dimen149
\Gm@even@mp=\dimen150
\Gm@layoutwidth=\dimen151
\Gm@layoutheight=\dimen152
\Gm@layouthoffset=\dimen153
\Gm@layoutvoffset=\dimen154
\Gm@dimlist=\toks22
)
(/usr/share/texlive/texmf-dist/tex/latex/biblatex/biblatex.sty
Package: biblatex 2019/12/01 v3.14 programmable bibliographies (PK/MW)

(/usr/share/texlive/texmf-dist/tex/latex/pdftexcmds/pdftexcmds.sty
Package: pdftexcmds 2019/11/24 v0.31 Utility functions of pdfTeX for LuaTeX (HO)


(/usr/share/texlive/texmf-dist/tex/generic/infwarerr/infwarerr.sty
Package: infwarerr 2019/12/03 v1.5 Providing info/warning/error messages (HO)
)
(/usr/share/texlive/texmf-dist/tex/generic/ltxcmds/ltxcmds.sty
Package: ltxcmds 2019/12/15 v1.24 LaTeX kernel commands for general use (HO)
)
Package pdftexcmds Info: \pdf@primitive is available.
Package pdftexcmds Info: \pdf@ifprimitive is available.
Package pdftexcmds Info: \pdfdraftmode found.
\pdftexcmds@toks=\toks23
)
(/usr/share/texlive/texmf-dist/tex/latex/etoolbox/etoolbox.sty
Package: etoolbox 2019/09/21 v2.5h e-TeX tools for LaTeX (JAW)
\etb@tempcnta=\count187
)
(/usr/share/texlive/texmf-dist/tex/latex/kvoptions/kvoptions.sty
Package: kvoptions 2019/11/29 v3.13 Key value format for package options (HO)

(/usr/share/texlive/texmf-dist/tex/generic/kvsetkeys/kvsetkeys.sty
Package: kvsetkeys 2019/12/15 v1.18 Key value parser (HO)
))
(/usr/share/texlive/texmf-dist/tex/latex/logreq/logreq.sty
Package: logreq 2010/08/04 v1.0 xml request logger
\lrq@indent=\count188

(/usr/share/texlive/texmf-dist/tex/latex/logreq/logreq.def
File: logreq.def 2010/08/04 v1.0 logreq spec v1.0
))
(/usr/share/texlive/texmf-dist/tex/latex/base/ifthen.sty
Package: ifthen 2014/09/29 v1.1c Standard LaTeX ifthen package (DPC)
)
(/usr/share/texlive/texmf-dist/tex/latex/url/url.sty
\Urlmuskip=\muskip17
Package: url 2013/09/16  ver 3.4  Verb mode for urls, etc.
)
\c@tabx@nest=\count189
\c@listtotal=\count190
\c@listcount=\count191
\c@liststart=\count192
\c@liststop=\count193
\c@citecount=\count194
\c@citetotal=\count195
\c@multicitecount=\count196
\c@multicitetotal=\count197
\c@instcount=\count198
\c@maxnames=\count199
\c@minnames=\count266
\c@maxitems=\count267
\c@minitems=\count268
\c@citecounter=\count269
\c@maxcitecounter=\count270
\c@savedcitecounter=\count271
\c@uniquelist=\count272
\c@uniquename=\count273
\c@refsection=\count274
\c@refsegment=\count275
\c@maxextratitle=\count276
\c@maxextratitleyear=\count277
\c@maxextraname=\count278
\c@maxextradate=\count279
\c@maxextraalpha=\count280
\c@abbrvpenalty=\count281
\c@highnamepenalty=\count282
\c@lownamepenalty=\count283
\c@maxparens=\count284
\c@parenlevel=\count285
\blx@tempcnta=\count286
\blx@tempcntb=\count287
\blx@tempcntc=\count288
\blx@maxsection=\count289
\blx@maxsegment@0=\count290
\blx@notetype=\count291
\blx@parenlevel@text=\count292
\blx@parenlevel@foot=\count293
\blx@sectionciteorder@0=\count294
\blx@entrysetcounter=\count295
\labelnumberwidth=\skip52
\labelalphawidth=\skip53
\biblabelsep=\skip54
\bibitemsep=\skip55
\bibnamesep=\skip56
\bibinitsep=\skip57
\bibparsep=\skip58
\bibhang=\skip59
\blx@bcfin=\read3
\blx@bcfout=\write3
\blx@langwohyphens=\language5
\c@mincomprange=\count296
\c@maxcomprange=\count297
\c@mincompwidth=\count298
Package biblatex Info: Trying to load biblatex default data model...
Package biblatex Info: ... file 'blx-dm.def' found.

(/usr/share/texlive/texmf-dist/tex/latex/biblatex/blx-dm.def
File: blx-dm.def 2019/12/01 v3.14 biblatex localization (PK/MW)
)
Package biblatex Info: Trying to load biblatex style data model...
Package biblatex Info: ... file 'abnt.dbx' not found.
Package biblatex Info: Trying to load biblatex custom data model...
Package biblatex Info: ... file 'biblatex-dm.cfg' not found.
\c@afterword=\count299
\c@savedafterword=\count300
\c@annotator=\count301
\c@savedannotator=\count302
\c@author=\count303
\c@savedauthor=\count304
\c@bookauthor=\count305
\c@savedbookauthor=\count306
\c@commentator=\count307
\c@savedcommentator=\count308
\c@editor=\count309
\c@savededitor=\count310
\c@editora=\count311
\c@savededitora=\count312
\c@editorb=\count313
\c@savededitorb=\count314
\c@editorc=\count315
\c@savededitorc=\count316
\c@foreword=\count317
\c@savedforeword=\count318
\c@holder=\count319
\c@savedholder=\count320
\c@introduction=\count321
\c@savedintroduction=\count322
\c@namea=\count323
\c@savednamea=\count324
\c@nameb=\count325
\c@savednameb=\count326
\c@namec=\count327
\c@savednamec=\count328
\c@translator=\count329
\c@savedtranslator=\count330
\c@shortauthor=\count331
\c@savedshortauthor=\count332
\c@shorteditor=\count333
\c@savedshorteditor=\count334
\c@labelname=\count335
\c@savedlabelname=\count336
\c@institution=\count337
\c@savedinstitution=\count338
\c@lista=\count339
\c@savedlista=\count340
\c@listb=\count341
\c@savedlistb=\count342
\c@listc=\count343
\c@savedlistc=\count344
\c@listd=\count345
\c@savedlistd=\count346
\c@liste=\count347
\c@savedliste=\count348
\c@listf=\count349
\c@savedlistf=\count350
\c@location=\count351
\c@savedlocation=\count352
\c@organization=\count353
\c@savedorganization=\count354
\c@origlocation=\count355
\c@savedoriglocation=\count356
\c@origpublisher=\count357
\c@savedorigpublisher=\count358
\c@publisher=\count359
\c@savedpublisher=\count360
\c@language=\count361
\c@savedlanguage=\count362
\c@origlanguage=\count363
\c@savedoriglanguage=\count364
\c@pageref=\count365
\c@savedpageref=\count366
\shorthandwidth=\skip60
\shortjournalwidth=\skip61
\shortserieswidth=\skip62
\shorttitlewidth=\skip63
\shortauthorwidth=\skip64
\shorteditorwidth=\skip65
\locallabelnumberwidth=\skip66
\locallabelalphawidth=\skip67
\localshorthandwidth=\skip68
\localshortjournalwidth=\skip69
\localshortserieswidth=\skip70
\localshorttitlewidth=\skip71
\localshortauthorwidth=\skip72
\localshorteditorwidth=\skip73
Package biblatex Info: Trying to load enhanced support for Unicode engines...
Package biblatex Info: ... file 'blx-unicode.def' found.

(/usr/share/texlive/texmf-dist/tex/latex/biblatex/blx-unicode.def)
Package biblatex Info: Trying to load compatibility code...
Package biblatex Info: ... file 'blx-compat.def' found.

(/usr/share/texlive/texmf-dist/tex/latex/biblatex/blx-compat.def
File: blx-compat.def 2019/12/01 v3.14 biblatex compatibility (PK/MW)
)
Package biblatex Info: Trying to load generic definitions...
Package biblatex Info: ... file 'biblatex.def' found.

(/usr/share/texlive/texmf-dist/tex/latex/biblatex/biblatex.def
File: biblatex.def 2019/12/01 v3.14 biblatex compatibility (PK/MW)
\c@textcitecount=\count367
\c@textcitetotal=\count368
\c@textcitemaxnames=\count369
\c@biburlbigbreakpenalty=\count370
\c@biburlbreakpenalty=\count371
\c@biburlnumpenalty=\count372
\c@biburlucpenalty=\count373
\c@biburllcpenalty=\count374
\biburlbigskip=\muskip18
\biburlnumskip=\muskip19
\biburlucskip=\muskip20
\biburllcskip=\muskip21
\c@smartand=\count375
)
Package biblatex Info: Trying to load bibliography style 'abnt'...
Package biblatex Info: ... file 'abnt.bbx' found.

(/usr/share/texlive/texmf-dist/tex/latex/biblatex-abnt/abnt.bbx
File: abnt.bbx 2018-11-17 v3.4 ABNT BibLaTeX citation style

(/usr/share/texlive/texmf-dist/tex/latex/l3packages/xparse/xparse.sty
(/usr/share/texlive/texmf-dist/tex/latex/l3kernel/expl3.sty
Package: expl3 2020-02-14 L3 programming layer (loader) 

(/usr/share/texlive/texmf-dist/tex/latex/l3backend/l3backend-pdfmode.def
File: l3backend-pdfmode.def 2020-02-03 L3 backend support: PDF mode
\l__kernel_color_stack_int=\count376
\l__pdf_internal_box=\box47
))
Package: xparse 2020-02-14 L3 Experimental document command parser
\l__xparse_current_arg_int=\count377
\g__xparse_grabber_int=\count378
\l__xparse_m_args_int=\count379
\l__xparse_v_nesting_int=\count380
)
(/usr/share/texlive/texmf-dist/tex/latex/xpatch/xpatch.sty
Package: xpatch 2012/10/02 v0.3 Extending etoolbox patching commands
)
Package biblatex Info: Trying to load bibliography style 'standard'...
Package biblatex Info: ... file 'standard.bbx' found.

(/usr/share/texlive/texmf-dist/tex/latex/biblatex/bbx/standard.bbx
File: standard.bbx 2019/12/01 v3.14 biblatex bibliography style (PK/MW)
\c@bbx:relatedcount=\count381
\c@bbx:relatedtotal=\count382
))
Package biblatex Info: Trying to load citation style 'abnt'...
Package biblatex Info: ... file 'abnt.cbx' found.

(/usr/share/texlive/texmf-dist/tex/latex/biblatex-abnt/abnt.cbx
File: abnt.cbx 2018-11-17 v3.4 ABNT BibLaTeX citation style
Package biblatex Info: Trying to load citation style 'authoryear-comp'...
Package biblatex Info: ... file 'authoryear-comp.cbx' found.

(/usr/share/texlive/texmf-dist/tex/latex/biblatex/cbx/authoryear-comp.cbx
File: authoryear-comp.cbx 2019/12/01 v3.14 biblatex citation style (PK/MW)
Package biblatex Info: Redefining '\cite'.
Package biblatex Info: Redefining '\parencite'.
Package biblatex Info: Redefining '\footcite'.
Package biblatex Info: Redefining '\footcitetext'.
Package biblatex Info: Redefining '\smartcite'.
Package biblatex Info: Redefining '\textcite'.
Package biblatex Info: Redefining '\textcites'.
Package biblatex Info: Redefining '\cites'.
Package biblatex Info: Redefining '\parencites'.
Package biblatex Info: Redefining '\footcites'.
Package biblatex Info: Redefining '\footcitetexts'.
Package biblatex Info: Redefining '\smartcites'.
)
Package biblatex Info: Redefining '\cite'.
Package biblatex Info: Redefining '\cites'.
Package biblatex Info: Redefining '\footcite'.
Package biblatex Info: Redefining '\footcites'.
Package biblatex Info: Redefining '\citetitle'.
Package biblatex Info: Redefining '\smartcite'.
Package biblatex Info: Redefining '\citeauthor'.
Package biblatex Info: Redefining '\citeyear'.
)
Package biblatex Info: Trying to load configuration file...
Package biblatex Info: ... file 'biblatex.cfg' found.

(/usr/share/texlive/texmf-dist/tex/latex/biblatex/biblatex.cfg
File: biblatex.cfg 
))

Package biblatex Warning: 'babel/polyglossia' detected but 'csquotes' missing.
(biblatex)                Loading 'csquotes' recommended.

\@quotelevel=\count383
\@quotereset=\count384
(./document.aux)
\openout1 = document.aux

LaTeX Font Info:    Checking defaults for OML/cmm/m/it on input line 40.
LaTeX Font Info:    ... okay on input line 40.
LaTeX Font Info:    Checking defaults for OMS/cmsy/m/n on input line 40.
LaTeX Font Info:    ... okay on input line 40.
LaTeX Font Info:    Checking defaults for OT1/cmr/m/n on input line 40.
LaTeX Font Info:    ... okay on input line 40.
LaTeX Font Info:    Checking defaults for T1/cmr/m/n on input line 40.
LaTeX Font Info:    ... okay on input line 40.
LaTeX Font Info:    Checking defaults for TS1/cmr/m/n on input line 40.
LaTeX Font Info:    Trying to load font information for TS1+cmr on input line 40
.
 (/usr/share/texlive/texmf-dist/tex/latex/base/ts1cmr.fd
File: ts1cmr.fd 2019/12/16 v2.5j Standard LaTeX font definitions
)
LaTeX Font Info:    ... okay on input line 40.
LaTeX Font Info:    Checking defaults for TU/lmr/m/n on input line 40.
LaTeX Font Info:    ... okay on input line 40.
LaTeX Font Info:    Checking defaults for OMX/cmex/m/n on input line 40.
LaTeX Font Info:    ... okay on input line 40.
LaTeX Font Info:    Checking defaults for U/cmr/m/n on input line 40.
LaTeX Font Info:    ... okay on input line 40.
LaTeX Font Info:    Trying to load font information for T1+ptm on input line 40.


(/usr/share/texlive/texmf-dist/tex/latex/psnfss/t1ptm.fd
File: t1ptm.fd 2001/06/04 font definitions for T1/ptm.
)
(/usr/share/texlive/texmf-dist/tex/context/base/mkii/supp-pdf.mkii
[Loading MPS to PDF converter (version 2006.09.02).]
\scratchcounter=\count385
\scratchdimen=\dimen155
\scratchbox=\box48
\nofMPsegments=\count386
\nofMParguments=\count387
\everyMPshowfont=\toks24
\MPscratchCnt=\count388
\MPscratchDim=\dimen156
\MPnumerator=\count389
\makeMPintoPDFobject=\count390
\everyMPtoPDFconversion=\toks25
) (/usr/share/texlive/texmf-dist/tex/latex/epstopdf-pkg/epstopdf-base.sty
Package: epstopdf-base 2020-01-24 v2.11 Base part for package epstopdf
Package epstopdf-base Info: Redefining graphics rule for `.eps' on input line 48
5.

(/usr/share/texlive/texmf-dist/tex/latex/latexconfig/epstopdf-sys.cfg
File: epstopdf-sys.cfg 2010/07/13 v1.3 Configuration of (r)epstopdf for TeX Live

))
*geometry* driver: auto-detecting
*geometry* detected driver: luatex
*geometry* verbose mode - [ preamble ] result:
* driver: luatex
* paper: a4paper
* layout: <same size as paper>
* layoutoffset:(h,v)=(0.0pt,0.0pt)
* modes: 
* h-part:(L,W,R)=(85.35826pt, 455.24411pt, 56.9055pt)
* v-part:(T,H,B)=(85.35826pt, 702.78308pt, 56.9055pt)
* \paperwidth=597.50787pt
* \paperheight=845.04684pt
* \textwidth=455.24411pt
* \textheight=702.78308pt
* \oddsidemargin=13.08827pt
* \evensidemargin=13.08827pt
* \topmargin=-23.91173pt
* \headheight=12.0pt
* \headsep=25.0pt
* \topskip=10.0pt
* \footskip=30.0pt
* \marginparwidth=57.0pt
* \marginparsep=11.0pt
* \columnsep=10.0pt
* \skip\footins=9.0pt plus 4.0pt minus 2.0pt
* \hoffset=0.0pt
* \voffset=0.0pt
* \mag=1000
* \@twocolumnfalse
* \@twosidefalse
* \@mparswitchfalse
* \@reversemarginfalse
* (1in=72.27pt=25.4mm, 1cm=28.453pt)

Package biblatex Info: Trying to load language 'brazil' -> 'brazil-abnt'...
Package biblatex Info: ... file 'brazil-abnt.lbx' found.
(/usr/share/texlive/texmf-dist/tex/latex/biblatex-abnt/brazil-abnt.lbx
File: brazil-abnt.lbx 2018-11-17 v3.4 ABNT BibLaTeX citation style


Package biblatex Warning: File 'brazilian-abnt-abnt.lbx' not found!
(biblatex)                Ignoring mapping 'brazilian-abnt' -> 'brazilian-abnt-a
bnt'.

Package biblatex Info: Trying to load language 'brazilian-abnt'...
Package biblatex Info: ... file 'brazilian-abnt.lbx' found.
(/usr/share/texlive/texmf-dist/tex/latex/biblatex-abnt/brazilian-abnt.lbx
File: brazilian-abnt.lbx 2018-11-17 v3.4 ABNT BibLaTeX citation style
Package biblatex Info: Trying to load language 'brazilian' -> 'brazilian-abnt'..
.
Package biblatex Info: ... file 'brazilian-abnt.lbx' found.

(/usr/share/texlive/texmf-dist/tex/latex/biblatex-abnt/brazilian-abnt.lbx
File: brazilian-abnt.lbx 2018-11-17 v3.4 ABNT BibLaTeX citation style
Package biblatex Info: Trying to load language 'brazilian'...
Package biblatex Info: ... file 'brazilian.lbx' found.

(/usr/share/texlive/texmf-dist/tex/latex/biblatex/lbx/brazilian.lbx
File: brazilian.lbx 2019/12/01 v3.14 biblatex localization (PK/MW)
)))
Package biblatex Info: Trying to load language 'brazilian-abnt'...
Package biblatex Info: ... file 'brazilian-abnt.lbx' found.

(/usr/share/texlive/texmf-dist/tex/latex/biblatex-abnt/brazilian-abnt.lbx
File: brazilian-abnt.lbx 2018-11-17 v3.4 ABNT BibLaTeX citation style
Package biblatex Info: Trying to load language 'brazilian' -> 'brazilian-abnt'..
.
Package biblatex Info: ... file 'brazilian-abnt.lbx' found.

(/usr/share/texlive/texmf-dist/tex/latex/biblatex-abnt/brazilian-abnt.lbx
File: brazilian-abnt.lbx 2018-11-17 v3.4 ABNT BibLaTeX citation style
Package biblatex Info: Trying to load language 'brazilian'...
Package biblatex Info: ... file 'brazilian.lbx' found.

(/usr/share/texlive/texmf-dist/tex/latex/biblatex/lbx/brazilian.lbx
File: brazilian.lbx 2019/12/01 v3.14 biblatex localization (PK/MW)
)
Package biblatex Info: Trying to load language 'brazil'...
Package biblatex Info: ... file 'brazil.lbx' found.

(/usr/share/texlive/texmf-dist/tex/latex/biblatex/lbx/brazil.lbx
File: brazil.lbx 2019/12/01 v3.14 biblatex localization (PK/MW)
Package biblatex Info: Trying to load language 'brazilian'...
Package biblatex Info: ... file 'brazilian.lbx' found.

(/usr/share/texlive/texmf-dist/tex/latex/biblatex/lbx/brazilian.lbx
File: brazilian.lbx 2019/12/01 v3.14 biblatex localization (PK/MW)
)))
Package biblatex Info: Trying to load language 'brazil'...
Package biblatex Info: ... file 'brazil.lbx' found.

(/usr/share/texlive/texmf-dist/tex/latex/biblatex/lbx/brazil.lbx
File: brazil.lbx 2019/12/01 v3.14 biblatex localization (PK/MW)
Package biblatex Info: Trying to load language 'brazilian' -> 'brazilian-abnt'..
.
Package biblatex Info: ... file 'brazilian-abnt.lbx' found.

(/usr/share/texlive/texmf-dist/tex/latex/biblatex-abnt/brazilian-abnt.lbx
File: brazilian-abnt.lbx 2018-11-17 v3.4 ABNT BibLaTeX citation style
Package biblatex Info: Trying to load language 'brazilian'...
Package biblatex Info: ... file 'brazilian.lbx' found.

(/usr/share/texlive/texmf-dist/tex/latex/biblatex/lbx/brazilian.lbx
File: brazilian.lbx 2019/12/01 v3.14 biblatex localization (PK/MW)
)
Package biblatex Info: Trying to load language 'brazil'...
Package biblatex Info: ... file 'brazil.lbx' found.

(/usr/share/texlive/texmf-dist/tex/latex/biblatex/lbx/brazil.lbx
File: brazil.lbx 2019/12/01 v3.14 biblatex localization (PK/MW)
Package biblatex Info: Trying to load language 'brazilian'...
Package biblatex Info: ... file 'brazilian.lbx' found.

(/usr/share/texlive/texmf-dist/tex/latex/biblatex/lbx/brazilian.lbx
File: brazilian.lbx 2019/12/01 v3.14 biblatex localization (PK/MW)
))))))
Package biblatex Info: LuaTeX detected.
(biblatex)             Assuming input encoding 'utf8'.
Package biblatex Info: Automatic encoding selection.
(biblatex)             Assuming data encoding 'utf8'.

\openout3 = document.bcf
Package biblatex Info: Trying to load bibliographic data...
Package biblatex Info: ... file 'document.bbl' found.

(./document.bbl)
Package biblatex Info: Reference section=0 on input line 40.
Package biblatex Info: Reference segment=0 on input line 40.
 (./Sections/Introduction.tex [1

{/var/lib/texmf/fonts/map/pdftex/updmap/pdftex.map}])
LaTeX Font Info:    Trying to load font information for T1+pcr on input line 64.

 (/usr/share/texlive/texmf-dist/tex/latex/psnfss/t1pcr.fd
File: t1pcr.fd 2001/06/04 font definitions for T1/pcr.
)
LaTeX Font Info:    Trying to load font information for U+msa on input line 64.
 (/usr/share/texlive/texmf-dist/tex/latex/amsfonts/umsa.fd
File: umsa.fd 2013/01/14 v3.01 AMS symbols A
)
LaTeX Font Info:    Trying to load font information for U+msb on input line 64.

(/usr/share/texlive/texmf-dist/tex/latex/amsfonts/umsb.fd
File: umsb.fd 2013/01/14 v3.01 AMS symbols B
) [2] (./document.aux)
Package logreq Info: Writing requests to 'document.run.xml'.

\openout1 = document.run.xml
)

Here is how much of LuaTeX's memory you used:
 12761 strings out of 481365
 125171,953878 words of node,token memory allocated
 575 words of node memory still in use:
   7 hlist, 2 vlist, 2 rule, 5 glue, 6 kern, 8 attribute, 62 glue_spec, 8 attrib
ute_list, 1 write nodes
   avail lists: 1:1,2:515,3:232,4:10,5:80,6:14,7:1941,8:29,9:47,10:6,11:156
 29319 multiletter control sequences out of 65536+600000
 54 fonts using 4367031 bytes
 60i,4n,65p,1809b,4017s stack positions out of 5000i,500n,10000p,200000b,100000s
{/usr/share/texlive/texmf-dist/fonts/enc/dvips/base/8r.enc}</usr/share/texlive/t
exmf-dist/fonts/type1/urw/courier/ucrr8a.pfb></usr/share/texlive/texmf-dist/font
s/type1/urw/times/utmb8a.pfb></usr/share/texlive/texmf-dist/fonts/type1/urw/time
s/utmr8a.pfb>
Output written on document.pdf (2 pages, 44808 bytes).

PDF statistics: 24 PDF objects out of 1000 (max. 8388607)
 16 compressed objects within 1 object stream
 0 named destinations out of 1000 (max. 131072)
 1 words of extra memory for PDF output out of 10000 (max. 100000000)

